<?xml version="1.0" encoding="UTF-8"?>
<testng-results ignored="0" total="1" passed="1" failed="0" skipped="0">
  <reporter-output>
  </reporter-output>
  <suite started-at="2022-09-20T01:39:07 CEST" name="Default suite" finished-at="2022-09-20T01:39:17 CEST" duration-ms="9939">
    <groups>
    </groups>
    <test started-at="2022-09-20T01:39:07 CEST" name="Default test" finished-at="2022-09-20T01:39:17 CEST" duration-ms="9939">
      <class name="d19_09_2022.BootstrapTableTests">
        <test-method is-config="true" signature="beforeClass()[pri:0, instance:d19_09_2022.BootstrapTableTests@7fa98a66]" started-at="2022-09-20T01:39:07 CEST" name="beforeClass" finished-at="2022-09-20T01:39:12 CEST" duration-ms="4203" status="PASS">
          <reporter-output>
          </reporter-output>
        </test-method> <!-- beforeClass -->
        <test-method is-config="true" signature="beforeMethod()[pri:0, instance:d19_09_2022.BootstrapTableTests@7fa98a66]" started-at="2022-09-20T01:39:12 CEST" name="beforeMethod" finished-at="2022-09-20T01:39:16 CEST" duration-ms="4246" status="PASS">
          <reporter-output>
          </reporter-output>
        </test-method> <!-- beforeMethod -->
        <test-method signature="takeAScreenshot()[pri:300, instance:d19_09_2022.BootstrapTableTests@7fa98a66]" started-at="2022-09-20T01:39:16 CEST" name="takeAScreenshot" finished-at="2022-09-20T01:39:17 CEST" duration-ms="892" status="PASS">
          <reporter-output>
          </reporter-output>
        </test-method> <!-- takeAScreenshot -->
        <test-method is-config="true" signature="afterMethod()[pri:0, instance:d19_09_2022.BootstrapTableTests@7fa98a66]" started-at="2022-09-20T01:39:17 CEST" name="afterMethod" finished-at="2022-09-20T01:39:17 CEST" duration-ms="1" status="PASS">
          <reporter-output>
          </reporter-output>
        </test-method> <!-- afterMethod -->
        <test-method is-config="true" signature="afterClass()[pri:0, instance:d19_09_2022.BootstrapTableTests@7fa98a66]" started-at="2022-09-20T01:39:17 CEST" name="afterClass" finished-at="2022-09-20T01:39:17 CEST" duration-ms="517" status="PASS">
          <reporter-output>
          </reporter-output>
        </test-method> <!-- afterClass -->
      </class> <!-- d19_09_2022.BootstrapTableTests -->
    </test> <!-- Default test -->
  </suite> <!-- Default suite -->
</testng-results>
